<?xml version="1.0"?>
<testsuites>
 <testsuite name="TableReDoGherkinStyle.feature" package="gherkin.suite" timestamp="2016-06-06 12:31:29.574 -0600"
 tests="1" successes="5" errors="4" time="0.604691">
  <properties>
   <property name="RunDate" value="2016-06-06 12:31:29.574 -0600"/>
   <property name="Status" value="Failure"/>
  </properties>
  <testcase name="TableReDoGherkinStyle.feature" assertions="9" successes="5" errors="4" time="0.60319">
    <failure type="LogError">The Chrome browser is open</failure>
    <failure type="LogError">The Chrome browser is open</failure>
    <failure type="LogError">The Chrome browser is open</failure>
  </testcase>
 </testsuite>
</testsuites>
