<?xml version="1.0"?>
<testsuites>
 <testsuite name="CalcAppTesting.feature" package="gherkin.suite" timestamp="2016-06-14 14:46:24.024 -0600"
 tests="1" successes="2" errors="3" time="0.243000">
  <properties>
   <property name="RunDate" value="2016-06-14 14:46:24.024 -0600"/>
   <property name="Status" value="Failure"/>
  </properties>
  <testcase name="CalcAppTesting.feature" assertions="5" successes="2" errors="3" time="0.213">
    <failure type="LogError">that the Calculator app is running and in focus</failure>
    <failure type="LogError">there is no current value in the calculator</failure>
  </testcase>
 </testsuite>
</testsuites>
