<?xml version="1.0"?>
<testsuites>
 <testsuite name="TableReDoGherkinStyle.feature" package="gherkin.suite" timestamp="2016-06-06 16:23:50.845 -0600"
 tests="1" successes="(null)" errors="(null)" time="0.000000">
  <properties>
   <property name="RunDate" value="2016-06-06 16:23:50.845 -0600"/>
   <property name="Status" value="Running"/>
  </properties>
  <testcase name="TableReDoGherkinStyle.feature" assertions="50" successes="44" errors="6" time="416.206049">
    <failure type="LogError">A listing for the search item appears</failure>
    <failure type="LogError">Not found :( </failure>
    <failure type="LogError">The Chrome browser is open</failure>
    <failure type="LogError">I click the close icon on the browser bar</failure>
    <failure type="LogError">The browser closes returning the SUT to its initial state</failure>
  </testcase>
 </testsuite>
</testsuites>
