<?xml version="1.0"?>
<testsuites>
 <testsuite name="TableReDoGherkinStyle.feature" package="gherkin.suite" timestamp="2016-06-06 13:29:59.755 -0600"
 tests="1" successes="(null)" errors="(null)" time="0.000000">
  <properties>
   <property name="RunDate" value="2016-06-06 13:29:59.755 -0600"/>
   <property name="Status" value="Running"/>
  </properties>
  <testcase name="TableReDoGherkinStyle.feature" assertions="11" successes="8" errors="3" time="20.921957">
    <failure type="LogError">the browser loads the web page I entered</failure>
    <failure type="LogError">The Chrome browser is open</failure>
  </testcase>
 </testsuite>
</testsuites>
