<?xml version="1.0"?>
<testsuites>
 <testsuite name="TableReDoGherkinStyle.feature" package="gherkin.suite" timestamp="2016-06-06 13:59:25.567 -0600"
 tests="1" successes="16" errors="3" time="9.320141">
  <properties>
   <property name="RunDate" value="2016-06-06 13:59:25.567 -0600"/>
   <property name="Status" value="Failure"/>
  </properties>
  <testcase name="TableReDoGherkinStyle.feature" assertions="19" successes="16" errors="3" time="9.318384">
    <failure type="LogError">A listing for the search item appears</failure>
    <failure type="LogError">A listing for the search item appears</failure>
  </testcase>
 </testsuite>
</testsuites>
