<?xml version="1.0"?>
<testsuites>
 <testsuite name="TableReDoGherkinStyle.feature" package="gherkin.suite" timestamp="2016-06-06 13:54:47.772 -0600"
 tests="1" successes="(null)" errors="(null)" time="0.000000">
  <properties>
   <property name="RunDate" value="2016-06-06 13:54:47.772 -0600"/>
   <property name="Status" value="Running"/>
  </properties>
  <testcase name="TableReDoGherkinStyle.feature" assertions="19" successes="9" errors="10" time="12.328579">
    <failure type="LogError">I click the Chrome browser icon</failure>
    <failure type="LogError">The Chrome browser is open</failure>
    <failure type="LogError">The Chrome browser is open</failure>
    <failure type="LogError">I enter a website address in the browser bar</failure>
    <failure type="LogError">the browser shows the correct web page</failure>
    <failure type="LogError">the browser shows the correct web page</failure>
    <failure type="LogError">A listing for the search item appears</failure>
    <failure type="LogError">A listing for the search item appears</failure>
    <failure type="LogError">The Chrome browser is open</failure>
  </testcase>
 </testsuite>
</testsuites>
