<?xml version="1.0"?>
<testsuites>
 <testsuite name="TableReDoGherkinStyle.feature" package="gherkin.suite" timestamp="2016-06-06 15:30:11.628 -0600"
 tests="1" successes="(null)" errors="(null)" time="0.000000">
  <properties>
   <property name="RunDate" value="2016-06-06 15:30:11.628 -0600"/>
   <property name="Status" value="Running"/>
  </properties>
  <testcase name="TableReDoGherkinStyle.feature" assertions="49" successes="35" errors="14" time="30.491448">
    <failure type="LogError">A listing for the search item appears</failure>
    <failure type="LogError">the browser shows the correct web page</failure>
    <failure type="LogError">I enter a <searchterm> in the page search field</failure>
    <failure type="LogError">A listing for the search item appears</failure>
    <failure type="LogError">the browser shows the correct web page</failure>
    <failure type="LogError">I enter a <searchterm> in the page search field</failure>
    <failure type="LogError">A listing for the search item appears</failure>
    <failure type="LogError">A listing for the search item appears</failure>
    <failure type="LogError">I verify by searching text for the verification words</failure>
    <failure type="LogError">The words will be found in the text of the page</failure>
    <failure type="LogError">The Chrome browser is open</failure>
    <failure type="LogError">I click the close icon on the browser bar</failure>
    <failure type="LogError">The browser closes returning the SUT to its initial state</failure>
  </testcase>
 </testsuite>
</testsuites>
